  new template.cpp
D:\c++\source\repos\week 4 C. 最小化\week 4 C. 最小化\new template.cpp(16,23): warning C4244: “初始化”: 从“double”转换到“__int64”，可能丢失数据
D:\c++\source\repos\week 4 C. 最小化\week 4 C. 最小化\new template.cpp(17,24): warning C4244: “初始化”: 从“double”转换到“__int64”，可能丢失数据
D:\c++\source\repos\week 4 C. 最小化\week 4 C. 最小化\new template.cpp(63,38): warning C4244: “参数”: 从“__int64”转换到“const unsigned int”，可能丢失数据
D:\c++\source\repos\week 4 C. 最小化\week 4 C. 最小化\new template.cpp(63,39): warning C4244: “参数”: 从“_Ty”转换到“const unsigned int”，可能丢失数据
          with
          [
              _Ty=__int64
          ]
D:\c++\source\repos\week 4 C. 最小化\week 4 C. 最小化\new template.cpp(78,34): warning C4244: “参数”: 从“__int64”转换到“const unsigned int”，可能丢失数据
D:\c++\source\repos\week 4 C. 最小化\week 4 C. 最小化\new template.cpp(78,35): warning C4244: “参数”: 从“_Ty”转换到“const unsigned int”，可能丢失数据
          with
          [
              _Ty=__int64
          ]
D:\c++\source\repos\week 4 C. 最小化\week 4 C. 最小化\new template.cpp(81,28): warning C4244: “参数”: 从“__int64”转换到“const unsigned int”，可能丢失数据
D:\c++\source\repos\week 4 C. 最小化\week 4 C. 最小化\new template.cpp(81,31): warning C4244: “参数”: 从“_Ty”转换到“const unsigned int”，可能丢失数据
          with
          [
              _Ty=__int64
          ]
D:\c++\source\repos\week 4 C. 最小化\week 4 C. 最小化\new template.cpp(106,10): warning C4244: “初始化”: 从“__int64”转换到“int”，可能丢失数据
D:\c++\source\repos\week 4 C. 最小化\week 4 C. 最小化\new template.cpp(106,21): warning C4244: “初始化”: 从“__int64”转换到“int”，可能丢失数据
D:\c++\source\repos\week 4 C. 最小化\week 4 C. 最小化\new template.cpp(106,33): warning C4244: “初始化”: 从“__int64”转换到“int”，可能丢失数据
D:\c++\source\repos\week 4 C. 最小化\week 4 C. 最小化\new template.cpp(106,45): warning C4244: “初始化”: 从“__int64”转换到“int”，可能丢失数据
D:\c++\source\repos\week 4 C. 最小化\week 4 C. 最小化\new template.cpp(117,15): warning C4244: “初始化”: 从“__int64”转换到“int”，可能丢失数据
D:\c++\source\repos\week 4 C. 最小化\week 4 C. 最小化\new template.cpp(117,27): warning C4244: “初始化”: 从“__int64”转换到“int”，可能丢失数据
D:\c++\source\repos\week 4 C. 最小化\week 4 C. 最小化\new template.cpp(117,39): warning C4244: “初始化”: 从“__int64”转换到“int”，可能丢失数据
D:\c++\source\repos\week 4 C. 最小化\week 4 C. 最小化\new template.cpp(117,51): warning C4244: “初始化”: 从“__int64”转换到“int”，可能丢失数据
D:\c++\source\repos\week 4 C. 最小化\week 4 C. 最小化\new template.cpp(117,63): warning C4244: “初始化”: 从“__int64”转换到“int”，可能丢失数据
D:\c++\source\repos\week 4 C. 最小化\week 4 C. 最小化\new template.cpp(117,75): warning C4244: “初始化”: 从“__int64”转换到“int”，可能丢失数据
D:\c++\source\repos\week 4 C. 最小化\week 4 C. 最小化\new template.cpp(117,87): warning C4244: “初始化”: 从“__int64”转换到“int”，可能丢失数据
D:\c++\source\repos\week 4 C. 最小化\week 4 C. 最小化\new template.cpp(117,99): warning C4244: “初始化”: 从“__int64”转换到“int”，可能丢失数据
D:\c++\source\repos\week 4 C. 最小化\week 4 C. 最小化\new template.cpp(117,111): warning C4244: “初始化”: 从“__int64”转换到“int”，可能丢失数据
D:\c++\source\repos\week 4 C. 最小化\week 4 C. 最小化\new template.cpp(131,15): warning C4244: “初始化”: 从“__int64”转换到“int”，可能丢失数据
D:\c++\source\repos\week 4 C. 最小化\week 4 C. 最小化\new template.cpp(131,27): warning C4244: “初始化”: 从“__int64”转换到“int”，可能丢失数据
D:\c++\source\repos\week 4 C. 最小化\week 4 C. 最小化\new template.cpp(131,39): warning C4244: “初始化”: 从“__int64”转换到“int”，可能丢失数据
D:\c++\source\repos\week 4 C. 最小化\week 4 C. 最小化\new template.cpp(148,11): warning C4244: “初始化”: 从“__int64”转换到“int”，可能丢失数据
  week 4 C. 最小化.vcxproj -> D:\c++\source\repos\week 4 C. 最小化\Debug\week 4 C. 最小化.exe
