  new template.cpp
D:\c++\source\repos\week 7 D. 讨厌质数的人\week 7 D. 讨厌质数的人\new template.cpp(20,23): warning C4244: “初始化”: 从“double”转换到“__int64”，可能丢失数据
D:\c++\source\repos\week 7 D. 讨厌质数的人\week 7 D. 讨厌质数的人\new template.cpp(60,38): warning C4244: “参数”: 从“__int64”转换到“const unsigned int”，可能丢失数据
D:\c++\source\repos\week 7 D. 讨厌质数的人\week 7 D. 讨厌质数的人\new template.cpp(60,39): warning C4244: “参数”: 从“_Ty”转换到“const unsigned int”，可能丢失数据
          with
          [
              _Ty=__int64
          ]
D:\c++\source\repos\week 7 D. 讨厌质数的人\week 7 D. 讨厌质数的人\new template.cpp(75,34): warning C4244: “参数”: 从“__int64”转换到“const unsigned int”，可能丢失数据
D:\c++\source\repos\week 7 D. 讨厌质数的人\week 7 D. 讨厌质数的人\new template.cpp(75,35): warning C4244: “参数”: 从“_Ty”转换到“const unsigned int”，可能丢失数据
          with
          [
              _Ty=__int64
          ]
D:\c++\source\repos\week 7 D. 讨厌质数的人\week 7 D. 讨厌质数的人\new template.cpp(78,28): warning C4244: “参数”: 从“__int64”转换到“const unsigned int”，可能丢失数据
D:\c++\source\repos\week 7 D. 讨厌质数的人\week 7 D. 讨厌质数的人\new template.cpp(78,31): warning C4244: “参数”: 从“_Ty”转换到“const unsigned int”，可能丢失数据
          with
          [
              _Ty=__int64
          ]
  week 7 D. 讨厌质数的人.vcxproj -> D:\c++\source\repos\week 7 D. 讨厌质数的人\Debug\week 7 D. 讨厌质数的人.exe
